#
# There is insufficient memory for the Java Runtime Environment to continue.
# Native memory allocation (malloc) failed to allocate 1107216 bytes for Chunk::new
# Possible reasons:
#   The system is out of physical RAM or swap space
#   In 32 bit mode, the process size limit was hit
# Possible solutions:
#   Reduce memory load on the system
#   Increase physical memory or swap space
#   Check if swap backing store is full
#   Use 64 bit Java on a 64 bit OS
#   Decrease Java heap size (-Xmx/-Xms)
#   Decrease number of Java threads
#   Decrease Java thread stack sizes (-Xss)
#   Set larger code cache with -XX:ReservedCodeCacheSize=
# This output file may be truncated or incomplete.
#
#  Out of Memory Error (allocation.cpp:390), pid=12108, tid=0x00000000000029b8
#
# JRE version: OpenJDK Runtime Environment (8.0_112-b06) (build 1.8.0_112-release-b06)
# Java VM: OpenJDK 64-Bit Server VM (25.112-b06 mixed mode windows-amd64 compressed oops)
# Failed to write core dump. Minidumps are not enabled by default on client versions of Windows
#

---------------  T H R E A D  ---------------

Current thread (0x0000000016618800):  JavaThread "C2 CompilerThread0" daemon [_thread_in_native, id=10680, stack(0x0000000017f60000,0x0000000018060000)]

Stack: [0x0000000017f60000,0x0000000018060000]
[error occurred during error reporting (printing stack bounds), id 0xc0000005]

Native frames: (J=compiled Java code, j=interpreted, Vv=VM code, C=native code)


Current CompileTask:
C2:  15757 2621       4       java.io.WinNTFileSystem::normalize (143 bytes)


---------------  P R O C E S S  ---------------

Java Threads: ( => current thread )
  0x000000001c9ce800 JavaThread "File lock request listener" [_thread_in_native, id=1904, stack(0x000000001f330000,0x000000001f430000)]
  0x0000000019337800 JavaThread "Stdin handler" [_thread_blocked, id=15140, stack(0x000000001a730000,0x000000001a830000)]
  0x0000000019220800 JavaThread "Asynchronous log dispatcher for DefaultDaemonConnection: socket connection from /127.0.0.1:1310 to /127.0.0.1:1311" [_thread_blocked, id=12668, stack(0x000000001a630000,0x000000001a730000)]
  0x000000001921f000 JavaThread "Daemon worker" [_thread_in_vm, id=7232, stack(0x000000001a530000,0x000000001a630000)]
  0x00000000188ea800 JavaThread "Cancel handler" [_thread_blocked, id=14732, stack(0x000000001a430000,0x000000001a530000)]
  0x000000001871c000 JavaThread "Handler for socket connection from /127.0.0.1:1310 to /127.0.0.1:1311" [_thread_in_native, id=2456, stack(0x000000001a330000,0x000000001a430000)]
  0x0000000019303000 JavaThread "Daemon" [_thread_blocked, id=12304, stack(0x000000001a230000,0x000000001a330000)]
  0x00000000192e7000 JavaThread "pool-1-thread-1" [_thread_blocked, id=10744, stack(0x000000001a130000,0x000000001a230000)]
  0x000000001924d000 JavaThread "Incoming local TCP Connector on port 1310" [_thread_in_native, id=11284, stack(0x0000000019e30000,0x0000000019f30000)]
  0x00000000179d9000 JavaThread "Service Thread" daemon [_thread_blocked, id=15084, stack(0x0000000018260000,0x0000000018360000)]
  0x00000000179bb800 JavaThread "C1 CompilerThread2" daemon [_thread_blocked, id=9996, stack(0x0000000018160000,0x0000000018260000)]
  0x0000000002c8c800 JavaThread "C2 CompilerThread1" daemon [_thread_blocked, id=11064, stack(0x0000000018060000,0x0000000018160000)]
=>0x0000000016618800 JavaThread "C2 CompilerThread0" daemon [_thread_in_native, id=10680, stack(0x0000000017f60000,0x0000000018060000)]
  0x0000000016617800 JavaThread "Attach Listener" daemon [_thread_blocked, id=13332, stack(0x0000000017e60000,0x0000000017f60000)]
  0x0000000017968800 JavaThread "Signal Dispatcher" daemon [_thread_blocked, id=8820, stack(0x0000000017d60000,0x0000000017e60000)]
  0x0000000002c86000 JavaThread "Finalizer" daemon [_thread_blocked, id=14028, stack(0x0000000017860000,0x0000000017960000)]
  0x0000000002c80800 JavaThread "Reference Handler" daemon [_thread_blocked, id=7504, stack(0x0000000017760000,0x0000000017860000)]
  0x0000000002a8e000 JavaThread "main" [_thread_blocked, id=11508, stack(0x0000000002890000,0x0000000002990000)]

Other Threads:
  0x00000000165c5000 VMThread [stack: 0x0000000017660000,0x0000000017760000] [id=14940]
  0x00000000179de000 WatcherThread [stack: 0x0000000018360000,0x0000000018460000] [id=6376]

VM state:not at safepoint (normal execution)

VM Mutex/Monitor currently owned by a thread: None

Heap:
 PSYoungGen      total 57856K, used 43203K [0x00000000e0000000, 0x00000000e4280000, 0x0000000100000000)
  eden space 47616K, 78% used [0x00000000e0000000,0x00000000e24b2790,0x00000000e2e80000)
  from space 10240K, 54% used [0x00000000e3880000,0x00000000e3dfe500,0x00000000e4280000)
  to   space 10240K, 0% used [0x00000000e2e80000,0x00000000e2e80000,0x00000000e3880000)
 ParOldGen       total 69120K, used 8729K [0x00000000a0000000, 0x00000000a4380000, 0x00000000e0000000)
  object space 69120K, 12% used [0x00000000a0000000,0x00000000a0886458,0x00000000a4380000)
 Metaspace       used 30276K, capacity 30836K, committed 30848K, reserved 1075200K
  class space    used 4076K, capacity 4214K, committed 4224K, reserved 1048576K

Card table byte_map: [0x0000000012050000,0x0000000012360000] byte_map_base: 0x0000000011b50000

Marking Bits: (ParMarkBitMap*) 0x000000005e0618f0
 Begin Bits: [0x0000000012960000, 0x0000000014160000)
 End Bits:   [0x0000000014160000, 0x0000000015960000)

Polling page: 0x0000000000a80000

CodeCache: size=245760Kb used=9925Kb max_used=9941Kb free=235835Kb
 bounds [0x0000000002c90000, 0x0000000003650000, 0x0000000011c90000]
 total_blobs=3144 nmethods=2471 adapters=586
 compilation: enabled

Compilation events (10 events):
Event: 15.466 Thread 0x0000000002c8c800 2647       4       com.sun.org.apache.xerces.internal.impl.XMLEntityScanner::scanChar (200 bytes)
Event: 15.469 Thread 0x0000000002c8c800 nmethod 2647 0x00000000036427d0 code [0x0000000003642940, 0x0000000003642b38]
Event: 15.469 Thread 0x0000000002c8c800 2651       4       com.sun.org.apache.xerces.internal.dom.DeferredDocumentImpl::createNode (46 bytes)
Event: 15.480 Thread 0x0000000002c8c800 nmethod 2651 0x0000000003642d50 code [0x0000000003642ea0, 0x0000000003643168]
Event: 15.652 Thread 0x00000000179bb800 2652       3       com.sun.org.apache.xerces.internal.impl.XMLEntityScanner::scanData (1043 bytes)
Event: 15.655 Thread 0x00000000179bb800 nmethod 2652 0x0000000003643550 code [0x00000000036438a0, 0x0000000003645528]
Event: 15.655 Thread 0x00000000179bb800 2653   !   3       java.io.FileInputStream::close (62 bytes)
Event: 15.656 Thread 0x00000000179bb800 nmethod 2653 0x0000000003641390 code [0x0000000003641520, 0x0000000003641b98]
Event: 15.656 Thread 0x0000000002c8c800 2654       4       com.sun.org.apache.xerces.internal.dom.EntityImpl::getNodeName (16 bytes)
Event: 15.712 Thread 0x0000000002c8c800 nmethod 2654 0x0000000003649450 code [0x00000000036496c0, 0x000000000364ac88]

GC Heap History (10 events):
Event: 7.841 GC heap before
{Heap before GC invocations=3 (full 0):
 PSYoungGen      total 38400K, used 38391K [0x00000000e0000000, 0x00000000e2a80000, 0x0000000100000000)
  eden space 33280K, 100% used [0x00000000e0000000,0x00000000e2080000,0x00000000e2080000)
  from space 5120K, 99% used [0x00000000e2580000,0x00000000e2a7dc00,0x00000000e2a80000)
  to   space 5120K, 0% used [0x00000000e2080000,0x00000000e2080000,0x00000000e2580000)
 ParOldGen       total 87552K, used 1088K [0x00000000a0000000, 0x00000000a5580000, 0x00000000e0000000)
  object space 87552K, 1% used [0x00000000a0000000,0x00000000a01100c0,0x00000000a5580000)
 Metaspace       used 16397K, capacity 16774K, committed 17024K, reserved 1064960K
  class space    used 2268K, capacity 2400K, committed 2432K, reserved 1048576K
Event: 7.852 GC heap after
Heap after GC invocations=3 (full 0):
 PSYoungGen      total 38400K, used 5088K [0x00000000e0000000, 0x00000000e2a80000, 0x0000000100000000)
  eden space 33280K, 0% used [0x00000000e0000000,0x00000000e0000000,0x00000000e2080000)
  from space 5120K, 99% used [0x00000000e2080000,0x00000000e2578060,0x00000000e2580000)
  to   space 5120K, 0% used [0x00000000e2580000,0x00000000e2580000,0x00000000e2a80000)
 ParOldGen       total 87552K, used 4115K [0x00000000a0000000, 0x00000000a5580000, 0x00000000e0000000)
  object space 87552K, 4% used [0x00000000a0000000,0x00000000a0404fc0,0x00000000a5580000)
 Metaspace       used 16397K, capacity 16774K, committed 17024K, reserved 1064960K
  class space    used 2268K, capacity 2400K, committed 2432K, reserved 1048576K
}
Event: 9.426 GC heap before
{Heap before GC invocations=4 (full 0):
 PSYoungGen      total 38400K, used 26449K [0x00000000e0000000, 0x00000000e2a80000, 0x0000000100000000)
  eden space 33280K, 64% used [0x00000000e0000000,0x00000000e14dc410,0x00000000e2080000)
  from space 5120K, 99% used [0x00000000e2080000,0x00000000e2578060,0x00000000e2580000)
  to   space 5120K, 0% used [0x00000000e2580000,0x00000000e2580000,0x00000000e2a80000)
 ParOldGen       total 87552K, used 4115K [0x00000000a0000000, 0x00000000a5580000, 0x00000000e0000000)
  object space 87552K, 4% used [0x00000000a0000000,0x00000000a0404fc0,0x00000000a5580000)
 Metaspace       used 20731K, capacity 21138K, committed 21296K, reserved 1067008K
  class space    used 2794K, capacity 2916K, committed 2944K, reserved 1048576K
Event: 9.450 GC heap after
Heap after GC invocations=4 (full 0):
 PSYoungGen      total 38400K, used 5113K [0x00000000e0000000, 0x00000000e2a80000, 0x0000000100000000)
  eden space 33280K, 0% used [0x00000000e0000000,0x00000000e0000000,0x00000000e2080000)
  from space 5120K, 99% used [0x00000000e2580000,0x00000000e2a7e660,0x00000000e2a80000)
  to   space 5120K, 0% used [0x00000000e2080000,0x00000000e2080000,0x00000000e2580000)
 ParOldGen       total 87552K, used 7857K [0x00000000a0000000, 0x00000000a5580000, 0x00000000e0000000)
  object space 87552K, 8% used [0x00000000a0000000,0x00000000a07ac7b0,0x00000000a5580000)
 Metaspace       used 20731K, capacity 21138K, committed 21296K, reserved 1067008K
  class space    used 2794K, capacity 2916K, committed 2944K, reserved 1048576K
}
Event: 9.450 GC heap before
{Heap before GC invocations=5 (full 1):
 PSYoungGen      total 38400K, used 5113K [0x00000000e0000000, 0x00000000e2a80000, 0x0000000100000000)
  eden space 33280K, 0% used [0x00000000e0000000,0x00000000e0000000,0x00000000e2080000)
  from space 5120K, 99% used [0x00000000e2580000,0x00000000e2a7e660,0x00000000e2a80000)
  to   space 5120K, 0% used [0x00000000e2080000,0x00000000e2080000,0x00000000e2580000)
 ParOldGen       total 87552K, used 7857K [0x00000000a0000000, 0x00000000a5580000, 0x00000000e0000000)
  object space 87552K, 8% used [0x00000000a0000000,0x00000000a07ac7b0,0x00000000a5580000)
 Metaspace       used 20731K, capacity 21138K, committed 21296K, reserved 1067008K
  class space    used 2794K, capacity 2916K, committed 2944K, reserved 1048576K
Event: 9.576 GC heap after
Heap after GC invocations=5 (full 1):
 PSYoungGen      total 38400K, used 0K [0x00000000e0000000, 0x00000000e2a80000, 0x0000000100000000)
  eden space 33280K, 0% used [0x00000000e0000000,0x00000000e0000000,0x00000000e2080000)
  from space 5120K, 0% used [0x00000000e2580000,0x00000000e2580000,0x00000000e2a80000)
  to   space 5120K, 0% used [0x00000000e2080000,0x00000000e2080000,0x00000000e2580000)
 ParOldGen       total 69120K, used 8713K [0x00000000a0000000, 0x00000000a4380000, 0x00000000e0000000)
  object space 69120K, 12% used [0x00000000a0000000,0x00000000a0882458,0x00000000a4380000)
 Metaspace       used 20731K, capacity 21138K, committed 21296K, reserved 1067008K
  class space    used 2794K, capacity 2916K, committed 2944K, reserved 1048576K
}
Event: 10.876 GC heap before
{Heap before GC invocations=6 (full 1):
 PSYoungGen      total 38400K, used 33280K [0x00000000e0000000, 0x00000000e2a80000, 0x0000000100000000)
  eden space 33280K, 100% used [0x00000000e0000000,0x00000000e2080000,0x00000000e2080000)
  from space 5120K, 0% used [0x00000000e2580000,0x00000000e2580000,0x00000000e2a80000)
  to   space 5120K, 0% used [0x00000000e2080000,0x00000000e2080000,0x00000000e2580000)
 ParOldGen       total 69120K, used 8713K [0x00000000a0000000, 0x00000000a4380000, 0x00000000e0000000)
  object space 69120K, 12% used [0x00000000a0000000,0x00000000a0882458,0x00000000a4380000)
 Metaspace       used 23586K, capacity 24020K, committed 24320K, reserved 1071104K
  class space    used 3149K, capacity 3277K, committed 3328K, reserved 1048576K
Event: 10.897 GC heap after
Heap after GC invocations=6 (full 1):
 PSYoungGen      total 38400K, used 3320K [0x00000000e0000000, 0x00000000e4300000, 0x0000000100000000)
  eden space 33280K, 0% used [0x00000000e0000000,0x00000000e0000000,0x00000000e2080000)
  from space 5120K, 64% used [0x00000000e2080000,0x00000000e23be0b8,0x00000000e2580000)
  to   space 10752K, 0% used [0x00000000e3880000,0x00000000e3880000,0x00000000e4300000)
 ParOldGen       total 69120K, used 8721K [0x00000000a0000000, 0x00000000a4380000, 0x00000000e0000000)
  object space 69120K, 12% used [0x00000000a0000000,0x00000000a0884458,0x00000000a4380000)
 Metaspace       used 23586K, capacity 24020K, committed 24320K, reserved 1071104K
  class space    used 3149K, capacity 3277K, committed 3328K, reserved 1048576K
}
Event: 13.920 GC heap before
{Heap before GC invocations=7 (full 1):
 PSYoungGen      total 38400K, used 36600K [0x00000000e0000000, 0x00000000e4300000, 0x0000000100000000)
  eden space 33280K, 100% used [0x00000000e0000000,0x00000000e2080000,0x00000000e2080000)
  from space 5120K, 64% used [0x00000000e2080000,0x00000000e23be0b8,0x00000000e2580000)
  to   space 10752K, 0% used [0x00000000e3880000,0x00000000e3880000,0x00000000e4300000)
 ParOldGen       total 69120K, used 8721K [0x00000000a0000000, 0x00000000a4380000, 0x00000000e0000000)
  object space 69120K, 12% used [0x00000000a0000000,0x00000000a0884458,0x00000000a4380000)
 Metaspace       used 26867K, capacity 27368K, committed 27648K, reserved 1073152K
  class space    used 3610K, capacity 3747K, committed 3840K, reserved 1048576K
Event: 13.955 GC heap after
Heap after GC invocations=7 (full 1):
 PSYoungGen      total 57856K, used 5625K [0x00000000e0000000, 0x00000000e4280000, 0x0000000100000000)
  eden space 47616K, 0% used [0x00000000e0000000,0x00000000e0000000,0x00000000e2e80000)
  from space 10240K, 54% used [0x00000000e3880000,0x00000000e3dfe500,0x00000000e4280000)
  to   space 10240K, 0% used [0x00000000e2e80000,0x00000000e2e80000,0x00000000e3880000)
 ParOldGen       total 69120K, used 8729K [0x00000000a0000000, 0x00000000a4380000, 0x00000000e0000000)
  object space 69120K, 12% used [0x00000000a0000000,0x00000000a0886458,0x00000000a4380000)
 Metaspace       used 26867K, capacity 27368K, committed 27648K, reserved 1073152K
  class space    used 3610K, capacity 3747K, committed 3840K, reserved 1048576K
}

Deoptimization events (10 events):
Event: 13.717 Thread 0x000000001921f000 Uncommon trap: reason=unstable_if action=reinterpret pc=0x0000000002e6b478 method=java.util.HashMap.putVal(ILjava/lang/Object;Ljava/lang/Object;ZZ)Ljava/lang/Object; @ 85
Event: 13.789 Thread 0x000000001921f000 Uncommon trap: reason=class_check action=maybe_recompile pc=0x0000000003233280 method=java.lang.reflect.Method.equals(Ljava/lang/Object;)Z @ 5
Event: 13.793 Thread 0x000000001921f000 Uncommon trap: reason=class_check action=maybe_recompile pc=0x0000000003233280 method=java.lang.reflect.Method.equals(Ljava/lang/Object;)Z @ 5
Event: 14.066 Thread 0x000000001921f000 Uncommon trap: reason=unstable_if action=reinterpret pc=0x0000000003168aac method=java.util.HashMap.putVal(ILjava/lang/Object;Ljava/lang/Object;ZZ)Ljava/lang/Object; @ 85
Event: 14.066 Thread 0x000000001921f000 Uncommon trap: reason=class_check action=maybe_recompile pc=0x0000000003233280 method=java.lang.reflect.Method.equals(Ljava/lang/Object;)Z @ 5
Event: 14.066 Thread 0x000000001921f000 Uncommon trap: reason=class_check action=maybe_recompile pc=0x0000000003233280 method=java.lang.reflect.Method.equals(Ljava/lang/Object;)Z @ 5
Event: 14.147 Thread 0x000000001921f000 Uncommon trap: reason=unstable_if action=reinterpret pc=0x00000000033cb7a8 method=java.net.URLClassLoader.isSealed(Ljava/lang/String;Ljava/util/jar/Manifest;)Z @ 26
Event: 14.357 Thread 0x000000001921f000 Uncommon trap: reason=unstable_if action=reinterpret pc=0x0000000003495258 method=org.objectweb.asm.Item.a(Lorg/objectweb/asm/Item;)Z @ 345
Event: 15.016 Thread 0x000000001921f000 Uncommon trap: reason=unstable_if action=reinterpret pc=0x000000000340b4a0 method=java.net.URI.match(CJJ)Z @ 45
Event: 15.107 Thread 0x000000001921f000 Uncommon trap: reason=unstable_if action=reinterpret pc=0x0000000003452ad0 method=java.util.regex.Pattern.has(I)Z @ 6

Internal exceptions (10 events):
Event: 14.313 Thread 0x000000001921f000 Exception <a 'java/lang/ClassNotFoundException': org/gradle/api/plugins/ObjectConfigurationActionBeanInfo> (0x00000000e0b98710) thrown at [C:\src\android\AOSP-openjdk\external\jetbrains\jdk\hotspot\src\share\vm\classfile\systemDictionary.cpp, line 210]
Event: 14.314 Thread 0x000000001921f000 Exception <a 'java/lang/ClassNotFoundException': org/gradle/api/plugins/ObjectConfigurationActionCustomizer> (0x00000000e0baa598) thrown at [C:\src\android\AOSP-openjdk\external\jetbrains\jdk\hotspot\src\share\vm\classfile\systemDictionary.cpp, line 210]
Event: 14.395 Thread 0x000000001921f000 Exception <a 'java/lang/ClassNotFoundException': JetGradlePluginBeanInfo> (0x00000000e0e2e5f0) thrown at [C:\src\android\AOSP-openjdk\external\jetbrains\jdk\hotspot\src\share\vm\classfile\systemDictionary.cpp, line 210]
Event: 14.396 Thread 0x000000001921f000 Exception <a 'java/lang/ClassNotFoundException': JetGradlePluginCustomizer> (0x00000000e0e37940) thrown at [C:\src\android\AOSP-openjdk\external\jetbrains\jdk\hotspot\src\share\vm\classfile\systemDictionary.cpp, line 210]
Event: 14.404 Thread 0x000000001921f000 Exception <a 'java/lang/ClassNotFoundException': org/gradle/tooling/provider/model/internal/DefaultToolingModelBuilderRegistryBeanInfo> (0x00000000e0e85c78) thrown at [C:\src\android\AOSP-openjdk\external\jetbrains\jdk\hotspot\src\share\vm\classfile\system
Event: 14.406 Thread 0x000000001921f000 Exception <a 'java/lang/ClassNotFoundException': org/gradle/tooling/provider/model/internal/DefaultToolingModelBuilderRegistryCustomizer> (0x00000000e0eb87c8) thrown at [C:\src\android\AOSP-openjdk\external\jetbrains\jdk\hotspot\src\share\vm\classfile\systy≠≠r«-@
Event: 14.890 Thread 0x000000001921f000 Exception <a 'java/lang/ClassNotFoundException': build_dwy00iusww984c4d23ldzq5usBeanInfo> (0x00000000e13b5ef8) thrown at [C:\src\android\AOSP-openjdk\external\jetbrains\jdk\hotspot\src\share\vm\classfile\systemDictionary.cpp, line 210]
Event: 14.890 Thread 0x000000001921f000 Exception <a 'java/lang/ClassNotFoundException': org/gradle/api/internal/project/ProjectScriptBeanInfo> (0x00000000e13c7518) thrown at [C:\src\android\AOSP-openjdk\external\jetbrains\jdk\hotspot\src\share\vm\classfile\systemDictionary.cpp, line 210]
Event: 14.890 Thread 0x000000001921f000 Exception <a 'java/lang/ClassNotFoundException': org/gradle/api/internal/project/ProjectScriptCustomizer> (0x00000000e13d8f78) thrown at [C:\src\android\AOSP-openjdk\external\jetbrains\jdk\hotspot\src\share\vm\classfile\systemDictionary.cpp, line 210]
Event: 14.893 Thread 0x000000001921f000 Exception <a 'java/lang/ClassNotFoundException': build_dwy00iusww984c4d23ldzq5usCustomizer> (0x00000000e13f86e8) thrown at [C:\src\android\AOSP-openjdk\external\jetbrains\jdk\hotspot\src\share\vm\classfile\systemDictionary.cpp, line 210]

Events (10 events):
Event: 15.413 loading class org/gradle/api/internal/artifacts/ivyservice/ivyresolve/ResolveIvyFactory$ParentModuleLookupResolver$3
Event: 15.413 loading class org/gradle/api/internal/artifacts/ivyservice/ivyresolve/ResolveIvyFactory$ParentModuleLookupResolver$3 done
Event: 15.414 loading class org/gradle/api/internal/artifacts/ivyservice/ivyresolve/memcache/InMemoryArtifactsCache$TypedArtifactsKey
Event: 15.414 loading class org/gradle/api/internal/artifacts/ivyservice/ivyresolve/memcache/InMemoryArtifactsCache$TypedArtifactsKey done
Event: 15.415 loading class org/gradle/internal/resolve/result/DefaultBuildableArtifactResolveResult
Event: 15.415 loading class org/gradle/internal/resolve/result/DefaultBuildableArtifactResolveResult done
Event: 15.415 loading class org/gradle/internal/resolve/ArtifactNotFoundException
Event: 15.415 loading class org/gradle/internal/resolve/ArtifactNotFoundException done
Event: 15.416 loading class org/gradle/api/internal/artifacts/ivyservice/ivyresolve/ResolveIvyFactory$ParentModuleLookupResolver$5
Event: 15.416 loading class org/gradle/api/internal/artifacts/ivyservice/ivyresolve/ResolveIvyFactory$ParentModuleLookupResolver$5 done


Dynamic libraries:
0x00007ff7a0c10000 - 0x00007ff7a0c41000 	D:\program\AndroidStudio\Program Files\jre\bin\java.exe
0x00007ff8dce30000 - 0x00007ff8dcff1000 	C:\WINDOWS\SYSTEM32\ntdll.dll
0x00007ff8dcbf0000 - 0x00007ff8dcc9d000 	C:\WINDOWS\system32\KERNEL32.DLL
0x00007ff8d9dc0000 - 0x00007ff8d9fa8000 	C:\WINDOWS\system32\KERNELBASE.dll
0x00007ff8da790000 - 0x00007ff8da837000 	C:\WINDOWS\system32\ADVAPI32.dll
0x00007ff8da240000 - 0x00007ff8da2dd000 	C:\WINDOWS\system32\msvcrt.dll
0x00007ff8db560000 - 0x00007ff8db5bb000 	C:\WINDOWS\system32\sechost.dll
0x00007ff8da2e0000 - 0x00007ff8da3fc000 	C:\WINDOWS\system32\RPCRT4.dll
0x00007ff8da8f0000 - 0x00007ff8daa46000 	C:\WINDOWS\system32\USER32.dll
0x00007ff8dcca0000 - 0x00007ff8dce26000 	C:\WINDOWS\system32\GDI32.dll
0x00007ff8d4fe0000 - 0x00007ff8d5254000 	C:\WINDOWS\WinSxS\amd64_microsoft.windows.common-controls_6595b64144ccf1df_6.0.10586.672_none_a2d6b3cea53ff843\COMCTL32.dll
0x00007ff8dac70000 - 0x00007ff8daeed000 	C:\WINDOWS\system32\combase.dll
0x00007ff8d9700000 - 0x00007ff8d976a000 	C:\WINDOWS\system32\bcryptPrimitives.dll
0x00007ff8daf70000 - 0x00007ff8dafab000 	C:\WINDOWS\system32\IMM32.DLL
0x000000005d7c0000 - 0x000000005d892000 	D:\program\AndroidStudio\Program Files\jre\jre\bin\msvcr100.dll
0x000000005d8a0000 - 0x000000005e0dc000 	D:\program\AndroidStudio\Program Files\jre\jre\bin\server\jvm.dll
0x00007ff8daef0000 - 0x00007ff8daef8000 	C:\WINDOWS\system32\PSAPI.DLL
0x00007ff8c9640000 - 0x00007ff8c9649000 	C:\WINDOWS\SYSTEM32\WSOCK32.dll
0x00007ff8daf00000 - 0x00007ff8daf6b000 	C:\WINDOWS\system32\WS2_32.dll
0x00007ff8d79a0000 - 0x00007ff8d79c3000 	C:\WINDOWS\SYSTEM32\WINMM.dll
0x00007ff8d5270000 - 0x00007ff8d527a000 	C:\WINDOWS\SYSTEM32\VERSION.dll
0x00007ff8d7860000 - 0x00007ff8d788c000 	C:\WINDOWS\SYSTEM32\WINMMBASE.dll
0x00007ff8d94e0000 - 0x00007ff8d9523000 	C:\WINDOWS\system32\cfgmgr32.dll
0x00007ff8d2e80000 - 0x00007ff8d2e8f000 	D:\program\AndroidStudio\Program Files\jre\jre\bin\verify.dll
0x00007ff8c4560000 - 0x00007ff8c4589000 	D:\program\AndroidStudio\Program Files\jre\jre\bin\java.dll
0x00007ff8c4540000 - 0x00007ff8c4556000 	D:\program\AndroidStudio\Program Files\jre\jre\bin\zip.dll
0x00007ff8db5c0000 - 0x00007ff8dcb1c000 	C:\WINDOWS\system32\SHELL32.dll
0x00007ff8d9770000 - 0x00007ff8d9db5000 	C:\WINDOWS\system32\windows.storage.dll
0x00007ff8daa50000 - 0x00007ff8daaa2000 	C:\WINDOWS\system32\shlwapi.dll
0x00007ff8d9470000 - 0x00007ff8d947f000 	C:\WINDOWS\system32\kernel.appcore.dll
0x00007ff8da080000 - 0x00007ff8da135000 	C:\WINDOWS\system32\shcore.dll
0x00007ff8d9490000 - 0x00007ff8d94db000 	C:\WINDOWS\system32\powrprof.dll
0x00007ff8d9450000 - 0x00007ff8d9464000 	C:\WINDOWS\system32\profapi.dll
0x00007ff8c4520000 - 0x00007ff8c453a000 	D:\program\AndroidStudio\Program Files\jre\jre\bin\net.dll
0x00007ff8d8d80000 - 0x00007ff8d8ddc000 	C:\WINDOWS\system32\mswsock.dll
0x00007ff8b28a0000 - 0x00007ff8b28b1000 	D:\program\AndroidStudio\Program Files\jre\jre\bin\nio.dll
0x00007ff8b2a00000 - 0x00007ff8b2a1e000 	C:\Users\win10_pc\.gradle\native\23\windows-amd64\native-platform.dll
0x00007ff8d8e30000 - 0x00007ff8d8e47000 	C:\WINDOWS\SYSTEM32\CRYPTSP.dll
0x00007ff8d8ac0000 - 0x00007ff8d8af4000 	C:\WINDOWS\system32\rsaenh.dll
0x00007ff8d9050000 - 0x00007ff8d9079000 	C:\WINDOWS\SYSTEM32\bcrypt.dll
0x00007ff8d8c10000 - 0x00007ff8d8c2f000 	C:\WINDOWS\SYSTEM32\USERENV.dll
0x00007ff8d8f50000 - 0x00007ff8d8f5b000 	C:\WINDOWS\SYSTEM32\CRYPTBASE.dll
0x00007ff8d6900000 - 0x00007ff8d6938000 	C:\WINDOWS\SYSTEM32\IPHLPAPI.DLL
0x00007ff8da230000 - 0x00007ff8da238000 	C:\WINDOWS\system32\NSI.dll
0x00007ff8d1b00000 - 0x00007ff8d1b16000 	C:\WINDOWS\SYSTEM32\dhcpcsvc6.DLL
0x00007ff8d1710000 - 0x00007ff8d172a000 	C:\WINDOWS\SYSTEM32\dhcpcsvc.DLL
0x00007ff8ccb10000 - 0x00007ff8ccb1d000 	D:\program\AndroidStudio\Program Files\jre\jre\bin\management.dll

VM Arguments:
jvm_args: -Xmx1536m -Dfile.encoding=x-windows-949 -Duser.country=KR -Duser.language=ko -Duser.variant 
java_command: org.gradle.launcher.daemon.bootstrap.GradleDaemon 3.3
java_class_path (initial): C:\Users\win10_pc\.gradle\wrapper\dists\gradle-3.3-all\55gk2rcmfc6p2dg9u9ohc3hw9\gradle-3.3\lib\gradle-launcher-3.3.jar
Launcher Type: SUN_STANDARD

Environment Variables:
JAVA_HOME=C:\Program Files\Java\jdk1.8.0_77\
CLASSPATH=.
PATH=C:\ProgramData\Oracle\Java\javapath;C:\Program Files (x86)\Intel\iCLS Client\;C:\Program Files\Intel\iCLS Client\;C:\windows\system32;C:\windows;C:\windows\System32\Wbem;C:\windows\System32\WindowsPowerShell\v1.0\;C:\Program Files (x86)\Intel\Intel(R) Management Engine Components\DAL;C:\Program Files\Intel\Intel(R) Management Engine Components\DAL;C:\Program Files (x86)\Intel\Intel(R) Management Engine Components\IPT;C:\Program Files\Intel\Intel(R) Management Engine Components\IPT;C:\Program Files (x86)\NVIDIA Corporation\PhysX\Common;C:\Program Files\Samsung\SamsungLink\AllShare Framework DMS\bin\;C:\WINDOWS\system32;C:\WINDOWS;C:\WINDOWS\System32\Wbem;C:\WINDOWS\System32\WindowsPowerShell\v1.0;C:\Program Files\Java\jdk1.8.0_77\bin;C:\Users\win10_pc\AppData\Local\Android\sdk\\platform-tools;C:\Program Files\Microsoft SQL Server\130\Tools\Binn\;C:\Program Files (x86)\Windows Kits\8.1\Windows Performance Toolkit\;c:\Program Files (x86)\Microsoft SQL Server\110\Tools\Binn\;c:\Program Files\Microsoft SQL Server\110\Tools\Binn\;c:\Program Files\Microsoft SQL Server\110\DTS\Binn\;c:\Program Files (x86)\Microsoft SQL Server\110\Tools\Binn\ManagementStudio\;c:\Program Files (x86)\Microsoft Visual Studio 10.0\Common7\IDE\PrivateAssemblies\;c:\Program Files (x86)\Microsoft SQL Server\110\DTS\Binn\;C:\Program Files\Git\cmd;C:\Program Files\nodejs\;C:\Program Files (x86)\MySQL\MySQL Fabric 1.5 & MySQL Utilities 1.5\;C:\Program Files (x86)\MySQL\MySQL Fabric 1.5 & MySQL Utilities 1.5\Doctrine extensions for PHP\;C:\Program Files (x86)\Windows Live\Shared;C:\Users\win10_pc\AppData\Roaming\npm;C:\Program Files\MongoDB\Server\3.2\bin
USERNAME=win10_pc
OS=Windows_NT
PROCESSOR_IDENTIFIER=Intel64 Family 6 Model 61 Stepping 4, GenuineIntel



---------------  S Y S T E M  ---------------

OS: Windows 10.0 , 64 bit Build 10586 (10.0.10586.589)

CPU:total 4 (2 cores per cpu, 2 threads per core) family 6 model 61 stepping 4, cmov, cx8, fxsr, mmx, sse, sse2, sse3, ssse3, sse4.1, sse4.2, popcnt, avx, avx2, aes, clmul, erms, 3dnowpref, lzcnt, ht, tsc, tscinvbit, bmi1, bmi2, adx

Memory: 4k page, physical 8284908k(1719064k free), swap 9751544k(3268k free)

vm_info: OpenJDK 64-Bit Server VM (25.112-b06) for windows-amd64 JRE (1.8.0_112-release-b06), built on Dec  8 2016 00:54:26 by "builder" with MS VC++ 10.0 (VS2010)

time: Tue Jun 06 16:51:29 2017
elapsed time: 15 seconds (0d 0h 0m 15s)

